#
# There is insufficient memory for the Java Runtime Environment to continue.
# Native memory allocation (mmap) failed to map 257949696 bytes. Error detail: G1 virtual space
# Possible reasons:
#   The system is out of physical RAM or swap space
#   This process is running with CompressedOops enabled, and the Java Heap may be blocking the growth of the native heap
# Possible solutions:
#   Reduce memory load on the system
#   Increase physical memory or swap space
#   Check if swap backing store is full
#   Decrease Java heap size (-Xmx/-Xms)
#   Decrease number of Java threads
#   Decrease Java thread stack sizes (-Xss)
#   Set larger code cache with -XX:ReservedCodeCacheSize=
#   JVM is running with Zero Based Compressed Oops mode in which the Java heap is
#     placed in the first 32GB address space. The Java Heap base address is the
#     maximum limit for the native heap growth. Please use -XX:HeapBaseMinAddress
#     to set the Java Heap base and to place the Java Heap above 32GB virtual address.
# This output file may be truncated or incomplete.
#
#  Out of Memory Error (os_windows.cpp:3925), pid=9852, tid=20400
#
# JRE version:  (21.0.8) (build )
# Java VM: OpenJDK 64-Bit Server VM (21.0.8+-14196175-b1038.72, mixed mode, sharing, tiered, compressed oops, compressed class ptrs, g1 gc, windows-amd64)
# No core dump will be written. Minidumps are not enabled by default on client versions of Windows
#

---------------  S U M M A R Y ------------

Command Line: c:\Users\diamondra.rasolofoja\.vscode\extensions\salesforce.salesforce-vscode-slds-2.0.12\lsp-2.0.12-executable.jar --PORT=50577

Host: AMD Ryzen 5 7640HS w/ Radeon 760M Graphics     , 12 cores, 15G,  Windows 11 , 64 bit Build 26100 (10.0.26100.8115)
Time: Fri Apr  3 15:12:28 2026 elapsed time: 2.068439 seconds (0d 0h 0m 2s)

---------------  T H R E A D  ---------------

Current thread (0x0000022d10250db0):  JavaThread "Unknown thread" [_thread_in_vm, id=20400, stack(0x0000009fbd900000,0x0000009fbda00000) (1024K)]

Stack: [0x0000009fbd900000,0x0000009fbda00000]
Native frames: (J=compiled Java code, j=interpreted, Vv=VM code, C=native code)
V  [jvm.dll+0x6d68d9]
V  [jvm.dll+0x866693]
V  [jvm.dll+0x868c4e]
V  [jvm.dll+0x869333]
V  [jvm.dll+0x280566]
V  [jvm.dll+0x6d3195]
V  [jvm.dll+0x6c69ea]
V  [jvm.dll+0x3586db]
V  [jvm.dll+0x360336]
V  [jvm.dll+0x3b23f6]
V  [jvm.dll+0x3b26c8]
V  [jvm.dll+0x32ae6c]
V  [jvm.dll+0x32bb5b]
V  [jvm.dll+0x82e109]
V  [jvm.dll+0x3bf5c8]
V  [jvm.dll+0x817388]
V  [jvm.dll+0x453b6e]
V  [jvm.dll+0x4552d1]
C  [jli.dll+0x52ab]
C  [ucrtbase.dll+0x37b0]
C  [KERNEL32.DLL+0x2e8d7]
C  [ntdll.dll+0x8c3fc]


---------------  P R O C E S S  ---------------

Threads class SMR info:
_java_thread_list=0x00007ff9517bb988, length=0, elements={
}

Java Threads: ( => current thread )
Total: 0

Other Threads:
  0x0000022d1274a530 WorkerThread "GC Thread#0"                     [id=9948, stack(0x0000009fbda00000,0x0000009fbdb00000) (1024K)]
  0x0000022d1275e6a0 ConcurrentGCThread "G1 Main Marker"            [id=24612, stack(0x0000009fbdb00000,0x0000009fbdc00000) (1024K)]
  0x0000022d1275f0a0 WorkerThread "G1 Conc#0"                       [id=14252, stack(0x0000009fbdc00000,0x0000009fbdd00000) (1024K)]

[error occurred during error reporting (printing all threads), id 0xc0000005, EXCEPTION_ACCESS_VIOLATION (0xc0000005) at pc=0x00007ff950faddd7]
VM state: not at safepoint (not fully initialized)

VM Mutex/Monitor currently owned by a thread:  ([mutex/lock_event])
[0x00007ff9518286b8] Heap_lock - owner thread: 0x0000022d10250db0

Heap address: 0x000000070b600000, size: 3914 MB, Compressed Oops mode: Zero based, Oop shift amount: 3

CDS archive(s) mapped at: [0x0000000000000000-0x0000000000000000-0x0000000000000000), size 0, SharedBaseAddress: 0x0000000800000000, ArchiveRelocationMode: 1.
Narrow klass base: 0x0000000000000000, Narrow klass shift: 0, Narrow klass range: 0x0

GC Precious Log:
 CardTable entry size: 512
 Card Set container configuration: InlinePtr #cards 4 size 8 Array Of Cards #cards 16 size 48 Howl #buckets 8 coarsen threshold 3686 Howl Bitmap #cards 512 size 80 coarsen threshold 460 Card regions per heap region 1 cards per card region 4096

Heap:
 garbage-first heap   total 0K, used 0K [0x000000070b600000, 0x0000000800000000)
  region size 2048K, 0 young (0K), 0 survivors (0K)
 Metaspace       used 0K, committed 0K, reserved 0K
  class space    used 0K, committed 0K, reserved 0K

Heap Regions: E=young(eden), S=young(survivor), O=old, HS=humongous(starts), HC=humongous(continues), CS=collection set, F=free, TAMS=top-at-mark-start, PB=parsable bottom

Card table byte_map: [0x0000022d25540000,0x0000022d25cf0000] _byte_map_base: 0x0000022d21ce5000

Marking Bits: (CMBitMap*) 0x0000022d1274d350
 Bits: [0x0000022d25cf0000, 0x0000022d29a18000)

GC Heap History (0 events):
No events

Dll operation events (1 events):
Event: 0.025 Loaded shared library C:\Program Files\Android\Android Studio\jbr\bin\java.dll

Deoptimization events (0 events):
No events

Classes loaded (0 events):
No events

Classes unloaded (0 events):
No events

Classes redefined (0 events):
No events

Internal exceptions (0 events):
No events

ZGC Phase Switch (0 events):
No events

VM Operations (0 events):
No events

Memory protections (0 events):
No events

Nmethod flushes (0 events):
No events

Events (0 events):
No events


Dynamic libraries:
0x00007ff6d8670000 - 0x00007ff6d867a000 	C:\Program Files\Android\Android Studio\jbr\bin\java.exe
0x00007ffa4a6a0000 - 0x00007ffa4a907000 	C:\WINDOWS\SYSTEM32\ntdll.dll
0x00007ffa49ec0000 - 0x00007ffa49f89000 	C:\WINDOWS\System32\KERNEL32.DLL
0x00007ffa47f80000 - 0x00007ffa48374000 	C:\WINDOWS\System32\KERNELBASE.dll
0x00007ffa47e30000 - 0x00007ffa47f7b000 	C:\WINDOWS\System32\ucrtbase.dll
0x00007ffa3a4e0000 - 0x00007ffa3a4f8000 	C:\Program Files\Android\Android Studio\jbr\bin\jli.dll
0x00007ffa49cb0000 - 0x00007ffa49e75000 	C:\WINDOWS\System32\USER32.dll
0x00007ffa25310000 - 0x00007ffa255a3000 	C:\WINDOWS\WinSxS\amd64_microsoft.windows.common-controls_6595b64144ccf1df_6.0.26100.8115_none_3e075c82e3354f9c\COMCTL32.dll
0x00007ffa47000000 - 0x00007ffa47027000 	C:\WINDOWS\System32\win32u.dll
0x00007ffa4a5a0000 - 0x00007ffa4a5cb000 	C:\WINDOWS\System32\GDI32.dll
0x00007ffa47310000 - 0x00007ffa4743a000 	C:\WINDOWS\System32\gdi32full.dll
0x00007ffa48380000 - 0x00007ffa48423000 	C:\WINDOWS\System32\msvcp_win.dll
0x00007ffa4a000000 - 0x00007ffa4a0a9000 	C:\WINDOWS\System32\msvcrt.dll
0x00007ffa2c8b0000 - 0x00007ffa2c8cb000 	C:\Program Files\Android\Android Studio\jbr\bin\VCRUNTIME140.dll
0x00007ffa49620000 - 0x00007ffa49652000 	C:\WINDOWS\System32\IMM32.DLL
0x00007ffa44590000 - 0x00007ffa4459c000 	C:\Program Files\Android\Android Studio\jbr\bin\vcruntime140_1.dll
0x00007ffa29dd0000 - 0x00007ffa29e5d000 	C:\Program Files\Android\Android Studio\jbr\bin\msvcp140.dll
0x00007ff950c70000 - 0x00007ff951906000 	C:\Program Files\Android\Android Studio\jbr\bin\server\jvm.dll
0x00007ffa4a170000 - 0x00007ffa4a226000 	C:\WINDOWS\System32\ADVAPI32.dll
0x00007ffa4a0c0000 - 0x00007ffa4a167000 	C:\WINDOWS\System32\sechost.dll
0x00007ffa49b90000 - 0x00007ffa49ca8000 	C:\WINDOWS\System32\RPCRT4.dll
0x00007ffa4a5d0000 - 0x00007ffa4a650000 	C:\WINDOWS\System32\WS2_32.dll
0x00007ffa45b30000 - 0x00007ffa45b8e000 	C:\WINDOWS\SYSTEM32\POWRPROF.dll
0x00007ffa3aa00000 - 0x00007ffa3aa36000 	C:\WINDOWS\SYSTEM32\WINMM.dll
0x00007ffa40ad0000 - 0x00007ffa40adb000 	C:\WINDOWS\SYSTEM32\VERSION.dll
0x00007ffa45b10000 - 0x00007ffa45b24000 	C:\WINDOWS\SYSTEM32\UMPDC.dll
0x00007ffa45de0000 - 0x00007ffa45dfb000 	C:\WINDOWS\SYSTEM32\kernel.appcore.dll
0x00007ffa40590000 - 0x00007ffa4059a000 	C:\Program Files\Android\Android Studio\jbr\bin\jimage.dll
0x00007ffa39470000 - 0x00007ffa396b2000 	C:\WINDOWS\SYSTEM32\DBGHELP.DLL
0x00007ffa48ba0000 - 0x00007ffa48f22000 	C:\WINDOWS\System32\combase.dll
0x00007ffa4a230000 - 0x00007ffa4a307000 	C:\WINDOWS\System32\OLEAUT32.dll
0x00007ffa249a0000 - 0x00007ffa249db000 	C:\WINDOWS\SYSTEM32\dbgcore.DLL
0x00007ffa471a0000 - 0x00007ffa47245000 	C:\WINDOWS\System32\bcryptPrimitives.dll
0x00007ffa3aba0000 - 0x00007ffa3abc0000 	C:\Program Files\Android\Android Studio\jbr\bin\java.dll

JVMTI agents: none

dbghelp: loaded successfully - version: 4.0.5 - missing functions: none
symbol engine: initialized successfully - sym options: 0x614 - pdb path: .;C:\Program Files\Android\Android Studio\jbr\bin;C:\WINDOWS\SYSTEM32;C:\WINDOWS\WinSxS\amd64_microsoft.windows.common-controls_6595b64144ccf1df_6.0.26100.8115_none_3e075c82e3354f9c;C:\Program Files\Android\Android Studio\jbr\bin\server

VM Arguments:
java_command: c:\Users\diamondra.rasolofoja\.vscode\extensions\salesforce.salesforce-vscode-slds-2.0.12\lsp-2.0.12-executable.jar --PORT=50577
java_class_path (initial): c:\Users\diamondra.rasolofoja\.vscode\extensions\salesforce.salesforce-vscode-slds-2.0.12\lsp-2.0.12-executable.jar
Launcher Type: SUN_STANDARD

[Global flags]
     intx CICompilerCount                          = 4                                         {product} {ergonomic}
     uint ConcGCThreads                            = 3                                         {product} {ergonomic}
     uint G1ConcRefinementThreads                  = 10                                        {product} {ergonomic}
   size_t G1HeapRegionSize                         = 2097152                                   {product} {ergonomic}
    uintx GCDrainStackTargetSize                   = 64                                        {product} {ergonomic}
   size_t InitialHeapSize                          = 257949696                                 {product} {ergonomic}
   size_t MarkStackSize                            = 4194304                                   {product} {ergonomic}
   size_t MaxHeapSize                              = 4104126464                                {product} {ergonomic}
   size_t MinHeapDeltaBytes                        = 2097152                                   {product} {ergonomic}
   size_t MinHeapSize                              = 8388608                                   {product} {ergonomic}
    uintx NonNMethodCodeHeapSize                   = 5839372                                {pd product} {ergonomic}
    uintx NonProfiledCodeHeapSize                  = 122909434                              {pd product} {ergonomic}
    uintx ProfiledCodeHeapSize                     = 122909434                              {pd product} {ergonomic}
    uintx ReservedCodeCacheSize                    = 251658240                              {pd product} {ergonomic}
     bool SegmentedCodeCache                       = true                                      {product} {ergonomic}
   size_t SoftMaxHeapSize                          = 4104126464                             {manageable} {ergonomic}
     bool UseCompressedOops                        = true                           {product lp64_product} {ergonomic}
     bool UseG1GC                                  = true                                      {product} {ergonomic}
     bool UseLargePagesIndividualAllocation        = false                                  {pd product} {ergonomic}

Logging:
Log output configuration:
 #0: stdout all=warning uptime,level,tags foldmultilines=false
 #1: stderr all=off uptime,level,tags foldmultilines=false

Environment Variables:
JAVA_HOME=C:\Program Files\Android\Android Studio\jbr
PATH=C:\Users\diamondra.rasolofoja\AppData\Local\Programs\Microsoft VS Code;C:\WINDOWS\system32;C:\WINDOWS;C:\WINDOWS\System32\Wbem;C:\WINDOWS\System32\WindowsPowerShell\v1.0\;C:\WINDOWS\System32\OpenSSH\;C:\Program Files (x86)\NVIDIA Corporation\PhysX\Common;C:\Program Files (x86)\CheckPoint\Endpoint Security\Endpoint Common\bin;C:\Program Files\Git\cmd;C:\Program Files\sf\bin;C:\Program Files\MySQL\MySQL Server 8.0\bin;C:\Users\diamondra.rasolofoja\apache-maven-3.9.9\bin;C:\Program Files\NVIDIA Corporation\NVIDIA app\NvDLISR;C:\Users\diamondra.rasolofoja\nvm;C:\nvm4w\nodejs;D:\openJDK-17;C:\Program Files\PostgreSQL\17\bin;C:\Users\diamondra.rasolofoja\AppData\Roaming\npm;C:\Program Files\Docker\Docker\resources\bin;C:\platform-tools;D:\openJDK-17\bin;C:\Users\diamondra.rasolofoja\AppData\Local\Programs\Python\Python313\Scripts\;C:\Users\diamondra.rasolofoja\AppData\Local\Programs\Python\Python313\;C:\Users\diamondra.rasolofoja\AppData\Local\Programs\Python\Launcher\;C:\Users\diamondra.rasolofoja\AppData\Local\Microsoft\WindowsApps;C:\Users\diamondra.rasolofoja\AppData\Local\Python\bin;C:\Users\diamondra.rasolofoja\flutter\flutter\bin;C:\Users\diamondra.rasolofoja\AppData\Local\Programs\Microsoft VS Code\bin
USERNAME=diamondra.rasolofoja
OS=Windows_NT
PROCESSOR_IDENTIFIER=AMD64 Family 25 Model 116 Stepping 1, AuthenticAMD
TMP=C:\Users\DIAMON~1.RAS\AppData\Local\Temp
TEMP=C:\Users\DIAMON~1.RAS\AppData\Local\Temp




Periodic native trim disabled

JNI global refs:
JNI global refs: 0, weak refs: 0

JNI global refs memory usage: 0, weak refs: 0

Process memory usage:
Resident Set Size: 13148K (0% of 16030588K total physical memory with 5856956K free physical memory)

OOME stack traces (most recent first):
Classloader memory used:

---------------  S Y S T E M  ---------------

OS:
 Windows 11 , 64 bit Build 26100 (10.0.26100.8115)
OS uptime: 0 days 4:34 hours
Hyper-V role detected

CPU: total 12 (initial active 12) (12 cores per cpu, 2 threads per core) family 25 model 116 stepping 1 microcode 0xa704109, cx8, cmov, fxsr, ht, mmx, 3dnowpref, sse, sse2, sse3, ssse3, sse4a, sse4.1, sse4.2, popcnt, lzcnt, tsc, tscinvbit, avx, avx2, aes, erms, clmul, bmi1, bmi2, adx, avx512f, avx512dq, avx512cd, avx512bw, avx512vl, sha, fma, vzeroupper, avx512_vpopcntdq, avx512_vpclmulqdq, avx512_vaes, avx512_vnni, clflush, clflushopt, avx512_vbmi2, avx512_vbmi, hv, rdtscp, rdpid, fsrm, gfni, avx512_bitalg, f16c, cet_ss, avx512_ifma
Processor Information for processor 0
  Max Mhz: 4301, Current Mhz: 2483, Mhz Limit: 4301
Processor Information for processor 1
  Max Mhz: 4301, Current Mhz: 2483, Mhz Limit: 4301
Processor Information for processor 2
  Max Mhz: 4301, Current Mhz: 2483, Mhz Limit: 4301
Processor Information for processor 3
  Max Mhz: 4301, Current Mhz: 2483, Mhz Limit: 4301
Processor Information for processor 4
  Max Mhz: 4301, Current Mhz: 2483, Mhz Limit: 4301
Processor Information for processor 5
  Max Mhz: 4301, Current Mhz: 3993, Mhz Limit: 4301
Processor Information for processor 6
  Max Mhz: 4301, Current Mhz: 3993, Mhz Limit: 4301
Processor Information for processor 7
  Max Mhz: 4301, Current Mhz: 2483, Mhz Limit: 4301
Processor Information for processor 8
  Max Mhz: 4301, Current Mhz: 2483, Mhz Limit: 4301
Processor Information for processor 9
  Max Mhz: 4301, Current Mhz: 2483, Mhz Limit: 4301
Processor Information for processor 10
  Max Mhz: 4301, Current Mhz: 3993, Mhz Limit: 4301
Processor Information for processor 11
  Max Mhz: 4301, Current Mhz: 3993, Mhz Limit: 4301

Memory: 4k page, system-wide physical 15654M (5719M free)
TotalPageFile size 17702M (AvailPageFile size 53M)
current process WorkingSet (physical memory assigned to process): 12M, peak: 12M
current process commit charge ("private bytes"): 64M, peak: 310M

vm_info: OpenJDK 64-Bit Server VM (21.0.8+-14196175-b1038.72) for windows-amd64 JRE (21.0.8+-14196175-b1038.72), built on 2025-10-01T10:24:33Z by "builder" with MS VC++ 16.10 / 16.11 (VS2019)

END.
