#
# There is insufficient memory for the Java Runtime Environment to continue.
# Native memory allocation (malloc) failed to allocate 630816 bytes. Error detail: Chunk::new
# Possible reasons:
#   The system is out of physical RAM or swap space
#   This process is running with CompressedOops enabled, and the Java Heap may be blocking the growth of the native heap
# Possible solutions:
#   Reduce memory load on the system
#   Increase physical memory or swap space
#   Check if swap backing store is full
#   Decrease Java heap size (-Xmx/-Xms)
#   Decrease number of Java threads
#   Decrease Java thread stack sizes (-Xss)
#   Set larger code cache with -XX:ReservedCodeCacheSize=
#   JVM is running with Zero Based Compressed Oops mode in which the Java heap is
#     placed in the first 32GB address space. The Java Heap base address is the
#     maximum limit for the native heap growth. Please use -XX:HeapBaseMinAddress
#     to set the Java Heap base and to place the Java Heap above 32GB virtual address.
# This output file may be truncated or incomplete.
#
#  Out of Memory Error (arena.cpp:168), pid=23664, tid=13284
#
# JRE version: OpenJDK Runtime Environment (21.0.8) (build 21.0.8+-14196175-b1038.72)
# Java VM: OpenJDK 64-Bit Server VM (21.0.8+-14196175-b1038.72, mixed mode, tiered, compressed oops, compressed class ptrs, g1 gc, windows-amd64)
# No core dump will be written. Minidumps are not enabled by default on client versions of Windows
#

---------------  S U M M A R Y ------------

Command Line: c:\Users\diamondra.rasolofoja\.vscode\extensions\salesforce.salesforce-vscode-slds-2.0.12\lsp-2.0.12-executable.jar --PORT=58242

Host: AMD Ryzen 5 7640HS w/ Radeon 760M Graphics     , 12 cores, 15G,  Windows 11 , 64 bit Build 26100 (10.0.26100.8115)
Time: Fri Apr  3 14:44:47 2026 elapsed time: 6.901415 seconds (0d 0h 0m 6s)

---------------  T H R E A D  ---------------

Current thread (0x000001482c419f80):  JavaThread "C2 CompilerThread1" daemon [_thread_in_native, id=13284, stack(0x0000003c72200000,0x0000003c72300000) (1024K)]


Current CompileTask:
C2:6901 1254   !   4       jdk.internal.loader.URLClassPath$Loader::getResource (95 bytes)

Stack: [0x0000003c72200000,0x0000003c72300000]
Native frames: (J=compiled Java code, j=interpreted, Vv=VM code, C=native code)
V  [jvm.dll+0x6d68d9]
V  [jvm.dll+0x866693]
V  [jvm.dll+0x868c4e]
V  [jvm.dll+0x869333]
V  [jvm.dll+0x280566]
V  [jvm.dll+0xc07cd]
V  [jvm.dll+0xc0d03]
V  [jvm.dll+0x2f5970]
V  [jvm.dll+0x5ff719]
V  [jvm.dll+0x252362]
V  [jvm.dll+0x25271f]
V  [jvm.dll+0x24aec5]
V  [jvm.dll+0x24871e]
V  [jvm.dll+0x1c73a4]
V  [jvm.dll+0x257f9e]
V  [jvm.dll+0x2564e6]
V  [jvm.dll+0x3f4696]
V  [jvm.dll+0x80eac8]
V  [jvm.dll+0x6d512d]
C  [ucrtbase.dll+0x37b0]
C  [KERNEL32.DLL+0x2e8d7]
C  [ntdll.dll+0x8c3fc]


---------------  P R O C E S S  ---------------

Threads class SMR info:
_java_thread_list=0x000001482c75f220, length=14, elements={
0x000001480fbd38d0, 0x000001482c1be4f0, 0x000001482c1c0390, 0x000001482c1c0df0,
0x000001482c1dca80, 0x000001482c1e6f40, 0x000001482c1f1740, 0x000001482c1f1db0,
0x000001482c1ff250, 0x000001482c2047d0, 0x000001482c3977a0, 0x000001482c50d7c0,
0x000001482c419f80, 0x000001482c417d70
}

Java Threads: ( => current thread )
  0x000001480fbd38d0 JavaThread "main"                              [_thread_in_native, id=23268, stack(0x0000003c70f00000,0x0000003c71000000) (1024K)]
  0x000001482c1be4f0 JavaThread "Common-Cleaner"             daemon [_thread_blocked, id=16956, stack(0x0000003c71700000,0x0000003c71800000) (1024K)]
  0x000001482c1c0390 JavaThread "Reference Handler"          daemon [_thread_blocked, id=14612, stack(0x0000003c71800000,0x0000003c71900000) (1024K)]
  0x000001482c1c0df0 JavaThread "Finalizer"                  daemon [_thread_blocked, id=25184, stack(0x0000003c71900000,0x0000003c71a00000) (1024K)]
  0x000001482c1dca80 JavaThread "Signal Dispatcher"          daemon [_thread_blocked, id=1320, stack(0x0000003c71a00000,0x0000003c71b00000) (1024K)]
  0x000001482c1e6f40 JavaThread "Attach Listener"            daemon [_thread_blocked, id=3892, stack(0x0000003c71b00000,0x0000003c71c00000) (1024K)]
  0x000001482c1f1740 JavaThread "Service Thread"             daemon [_thread_blocked, id=14468, stack(0x0000003c71c00000,0x0000003c71d00000) (1024K)]
  0x000001482c1f1db0 JavaThread "Monitor Deflation Thread"   daemon [_thread_blocked, id=9812, stack(0x0000003c71d00000,0x0000003c71e00000) (1024K)]
  0x000001482c1ff250 JavaThread "C2 CompilerThread0"         daemon [_thread_blocked, id=24336, stack(0x0000003c71e00000,0x0000003c71f00000) (1024K)]
  0x000001482c2047d0 JavaThread "C1 CompilerThread0"         daemon [_thread_blocked, id=9712, stack(0x0000003c71f00000,0x0000003c72000000) (1024K)]
  0x000001482c3977a0 JavaThread "Notification Thread"        daemon [_thread_blocked, id=25024, stack(0x0000003c72000000,0x0000003c72100000) (1024K)]
  0x000001482c50d7c0 JavaThread "Cleaner-0"                  daemon [_thread_blocked, id=25672, stack(0x0000003c72100000,0x0000003c72200000) (1024K)]
=>0x000001482c419f80 JavaThread "C2 CompilerThread1"         daemon [_thread_in_native, id=13284, stack(0x0000003c72200000,0x0000003c72300000) (1024K)]
  0x000001482c417d70 JavaThread "C2 CompilerThread2"         daemon [_thread_in_native, id=24760, stack(0x0000003c72300000,0x0000003c72400000) (1024K)]
Total: 14

Other Threads:
  0x000001482c005e70 VMThread "VM Thread"                           [id=16016, stack(0x0000003c71600000,0x0000003c71700000) (1024K)]
  0x000001482bfa95d0 WatcherThread "VM Periodic Task Thread"        [id=21452, stack(0x0000003c71500000,0x0000003c71600000) (1024K)]
  0x00000148120abc60 WorkerThread "GC Thread#0"                     [id=2396, stack(0x0000003c71000000,0x0000003c71100000) (1024K)]
  0x000001483120f1c0 WorkerThread "GC Thread#1"                     [id=22556, stack(0x0000003c72400000,0x0000003c72500000) (1024K)]
  0x000001483140b7f0 WorkerThread "GC Thread#2"                     [id=24956, stack(0x0000003c72500000,0x0000003c72600000) (1024K)]
  0x0000014831637600 WorkerThread "GC Thread#3"                     [id=23580, stack(0x0000003c72600000,0x0000003c72700000) (1024K)]
  0x00000148316379a0 WorkerThread "GC Thread#4"                     [id=17344, stack(0x0000003c72700000,0x0000003c72800000) (1024K)]
  0x00000148120bf5c0 ConcurrentGCThread "G1 Main Marker"            [id=12540, stack(0x0000003c71100000,0x0000003c71200000) (1024K)]
  0x00000148120bffd0 WorkerThread "G1 Conc#0"                       [id=8552, stack(0x0000003c71200000,0x0000003c71300000) (1024K)]
  0x000001482be781e0 ConcurrentGCThread "G1 Refine#0"               [id=22040, stack(0x0000003c71300000,0x0000003c71400000) (1024K)]
  0x000001482be78a00 ConcurrentGCThread "G1 Service"                [id=5028, stack(0x0000003c71400000,0x0000003c71500000) (1024K)]
Total: 11

Threads with active compile tasks:
C2 CompilerThread1  7931 1254   !   4       jdk.internal.loader.URLClassPath$Loader::getResource (95 bytes)
C2 CompilerThread2  7932 1356       4       org.springframework.boot.loader.net.protocol.jar.UrlJarFiles::getCached (9 bytes)
Total: 2

VM state: not at safepoint (normal execution)

VM Mutex/Monitor currently owned by a thread: None

Heap address: 0x000000070b600000, size: 3914 MB, Compressed Oops mode: Zero based, Oop shift amount: 3

CDS archive(s) not mapped
Compressed class space mapped at: 0x0000000800000000-0x0000000840000000, reserved size: 1073741824
Narrow klass base: 0x0000000800000000, Narrow klass shift: 0, Narrow klass range: 0x40000000

GC Precious Log:
 CardTable entry size: 512
 Card Set container configuration: InlinePtr #cards 4 size 8 Array Of Cards #cards 16 size 48 Howl #buckets 8 coarsen threshold 3686 Howl Bitmap #cards 512 size 80 coarsen threshold 460 Card regions per heap region 1 cards per card region 4096
 CPUs: 12 total, 12 available
 Memory: 15654M
 Large Page Support: Disabled
 NUMA Support: Disabled
 Compressed Oops: Enabled (Zero based)
 Heap Region Size: 2M
 Heap Min Capacity: 8M
 Heap Initial Capacity: 246M
 Heap Max Capacity: 3914M
 Pre-touch: Disabled
 Parallel Workers: 10
 Concurrent Workers: 3
 Concurrent Refinement Workers: 10
 Periodic GC: Disabled

Heap:
 garbage-first heap   total 251904K, used 8832K [0x000000070b600000, 0x0000000800000000)
  region size 2048K, 6 young (12288K), 2 survivors (4096K)
 Metaspace       used 12370K, committed 12608K, reserved 1114112K
  class space    used 1226K, committed 1344K, reserved 1048576K

Heap Regions: E=young(eden), S=young(survivor), O=old, HS=humongous(starts), HC=humongous(continues), CS=collection set, F=free, TAMS=top-at-mark-start, PB=parsable bottom
|   0|0x000000070b600000, 0x000000070b600000, 0x000000070b800000|  0%| F|  |TAMS 0x000000070b600000| PB 0x000000070b600000| Untracked 
|   1|0x000000070b800000, 0x000000070b800000, 0x000000070ba00000|  0%| F|  |TAMS 0x000000070b800000| PB 0x000000070b800000| Untracked 
|   2|0x000000070ba00000, 0x000000070ba00000, 0x000000070bc00000|  0%| F|  |TAMS 0x000000070ba00000| PB 0x000000070ba00000| Untracked 
|   3|0x000000070bc00000, 0x000000070bc00000, 0x000000070be00000|  0%| F|  |TAMS 0x000000070bc00000| PB 0x000000070bc00000| Untracked 
|   4|0x000000070be00000, 0x000000070be00000, 0x000000070c000000|  0%| F|  |TAMS 0x000000070be00000| PB 0x000000070be00000| Untracked 
|   5|0x000000070c000000, 0x000000070c000000, 0x000000070c200000|  0%| F|  |TAMS 0x000000070c000000| PB 0x000000070c000000| Untracked 
|   6|0x000000070c200000, 0x000000070c200000, 0x000000070c400000|  0%| F|  |TAMS 0x000000070c200000| PB 0x000000070c200000| Untracked 
|   7|0x000000070c400000, 0x000000070c400000, 0x000000070c600000|  0%| F|  |TAMS 0x000000070c400000| PB 0x000000070c400000| Untracked 
|   8|0x000000070c600000, 0x000000070c600000, 0x000000070c800000|  0%| F|  |TAMS 0x000000070c600000| PB 0x000000070c600000| Untracked 
|   9|0x000000070c800000, 0x000000070c800000, 0x000000070ca00000|  0%| F|  |TAMS 0x000000070c800000| PB 0x000000070c800000| Untracked 
|  10|0x000000070ca00000, 0x000000070ca00000, 0x000000070cc00000|  0%| F|  |TAMS 0x000000070ca00000| PB 0x000000070ca00000| Untracked 
|  11|0x000000070cc00000, 0x000000070cc00000, 0x000000070ce00000|  0%| F|  |TAMS 0x000000070cc00000| PB 0x000000070cc00000| Untracked 
|  12|0x000000070ce00000, 0x000000070ce00000, 0x000000070d000000|  0%| F|  |TAMS 0x000000070ce00000| PB 0x000000070ce00000| Untracked 
|  13|0x000000070d000000, 0x000000070d000000, 0x000000070d200000|  0%| F|  |TAMS 0x000000070d000000| PB 0x000000070d000000| Untracked 
|  14|0x000000070d200000, 0x000000070d200000, 0x000000070d400000|  0%| F|  |TAMS 0x000000070d200000| PB 0x000000070d200000| Untracked 
|  15|0x000000070d400000, 0x000000070d400000, 0x000000070d600000|  0%| F|  |TAMS 0x000000070d400000| PB 0x000000070d400000| Untracked 
|  16|0x000000070d600000, 0x000000070d600000, 0x000000070d800000|  0%| F|  |TAMS 0x000000070d600000| PB 0x000000070d600000| Untracked 
|  17|0x000000070d800000, 0x000000070d800000, 0x000000070da00000|  0%| F|  |TAMS 0x000000070d800000| PB 0x000000070d800000| Untracked 
|  18|0x000000070da00000, 0x000000070da00000, 0x000000070dc00000|  0%| F|  |TAMS 0x000000070da00000| PB 0x000000070da00000| Untracked 
|  19|0x000000070dc00000, 0x000000070dc00000, 0x000000070de00000|  0%| F|  |TAMS 0x000000070dc00000| PB 0x000000070dc00000| Untracked 
|  20|0x000000070de00000, 0x000000070de00000, 0x000000070e000000|  0%| F|  |TAMS 0x000000070de00000| PB 0x000000070de00000| Untracked 
|  21|0x000000070e000000, 0x000000070e000000, 0x000000070e200000|  0%| F|  |TAMS 0x000000070e000000| PB 0x000000070e000000| Untracked 
|  22|0x000000070e200000, 0x000000070e200000, 0x000000070e400000|  0%| F|  |TAMS 0x000000070e200000| PB 0x000000070e200000| Untracked 
|  23|0x000000070e400000, 0x000000070e400000, 0x000000070e600000|  0%| F|  |TAMS 0x000000070e400000| PB 0x000000070e400000| Untracked 
|  24|0x000000070e600000, 0x000000070e600000, 0x000000070e800000|  0%| F|  |TAMS 0x000000070e600000| PB 0x000000070e600000| Untracked 
|  25|0x000000070e800000, 0x000000070e800000, 0x000000070ea00000|  0%| F|  |TAMS 0x000000070e800000| PB 0x000000070e800000| Untracked 
|  26|0x000000070ea00000, 0x000000070ea00000, 0x000000070ec00000|  0%| F|  |TAMS 0x000000070ea00000| PB 0x000000070ea00000| Untracked 
|  27|0x000000070ec00000, 0x000000070ec00000, 0x000000070ee00000|  0%| F|  |TAMS 0x000000070ec00000| PB 0x000000070ec00000| Untracked 
|  28|0x000000070ee00000, 0x000000070ee00000, 0x000000070f000000|  0%| F|  |TAMS 0x000000070ee00000| PB 0x000000070ee00000| Untracked 
|  29|0x000000070f000000, 0x000000070f000000, 0x000000070f200000|  0%| F|  |TAMS 0x000000070f000000| PB 0x000000070f000000| Untracked 
|  30|0x000000070f200000, 0x000000070f200000, 0x000000070f400000|  0%| F|  |TAMS 0x000000070f200000| PB 0x000000070f200000| Untracked 
|  31|0x000000070f400000, 0x000000070f400000, 0x000000070f600000|  0%| F|  |TAMS 0x000000070f400000| PB 0x000000070f400000| Untracked 
|  32|0x000000070f600000, 0x000000070f600000, 0x000000070f800000|  0%| F|  |TAMS 0x000000070f600000| PB 0x000000070f600000| Untracked 
|  33|0x000000070f800000, 0x000000070f800000, 0x000000070fa00000|  0%| F|  |TAMS 0x000000070f800000| PB 0x000000070f800000| Untracked 
|  34|0x000000070fa00000, 0x000000070fa00000, 0x000000070fc00000|  0%| F|  |TAMS 0x000000070fa00000| PB 0x000000070fa00000| Untracked 
|  35|0x000000070fc00000, 0x000000070fc00000, 0x000000070fe00000|  0%| F|  |TAMS 0x000000070fc00000| PB 0x000000070fc00000| Untracked 
|  36|0x000000070fe00000, 0x000000070fe00000, 0x0000000710000000|  0%| F|  |TAMS 0x000000070fe00000| PB 0x000000070fe00000| Untracked 
|  37|0x0000000710000000, 0x0000000710000000, 0x0000000710200000|  0%| F|  |TAMS 0x0000000710000000| PB 0x0000000710000000| Untracked 
|  38|0x0000000710200000, 0x0000000710200000, 0x0000000710400000|  0%| F|  |TAMS 0x0000000710200000| PB 0x0000000710200000| Untracked 
|  39|0x0000000710400000, 0x0000000710400000, 0x0000000710600000|  0%| F|  |TAMS 0x0000000710400000| PB 0x0000000710400000| Untracked 
|  40|0x0000000710600000, 0x0000000710600000, 0x0000000710800000|  0%| F|  |TAMS 0x0000000710600000| PB 0x0000000710600000| Untracked 
|  41|0x0000000710800000, 0x0000000710800000, 0x0000000710a00000|  0%| F|  |TAMS 0x0000000710800000| PB 0x0000000710800000| Untracked 
|  42|0x0000000710a00000, 0x0000000710a00000, 0x0000000710c00000|  0%| F|  |TAMS 0x0000000710a00000| PB 0x0000000710a00000| Untracked 
|  43|0x0000000710c00000, 0x0000000710c00000, 0x0000000710e00000|  0%| F|  |TAMS 0x0000000710c00000| PB 0x0000000710c00000| Untracked 
|  44|0x0000000710e00000, 0x0000000710e00000, 0x0000000711000000|  0%| F|  |TAMS 0x0000000710e00000| PB 0x0000000710e00000| Untracked 
|  45|0x0000000711000000, 0x0000000711000000, 0x0000000711200000|  0%| F|  |TAMS 0x0000000711000000| PB 0x0000000711000000| Untracked 
|  46|0x0000000711200000, 0x0000000711200000, 0x0000000711400000|  0%| F|  |TAMS 0x0000000711200000| PB 0x0000000711200000| Untracked 
|  47|0x0000000711400000, 0x0000000711400000, 0x0000000711600000|  0%| F|  |TAMS 0x0000000711400000| PB 0x0000000711400000| Untracked 
|  48|0x0000000711600000, 0x0000000711600000, 0x0000000711800000|  0%| F|  |TAMS 0x0000000711600000| PB 0x0000000711600000| Untracked 
|  49|0x0000000711800000, 0x0000000711800000, 0x0000000711a00000|  0%| F|  |TAMS 0x0000000711800000| PB 0x0000000711800000| Untracked 
|  50|0x0000000711a00000, 0x0000000711a00000, 0x0000000711c00000|  0%| F|  |TAMS 0x0000000711a00000| PB 0x0000000711a00000| Untracked 
|  51|0x0000000711c00000, 0x0000000711c00000, 0x0000000711e00000|  0%| F|  |TAMS 0x0000000711c00000| PB 0x0000000711c00000| Untracked 
|  52|0x0000000711e00000, 0x0000000711e00000, 0x0000000712000000|  0%| F|  |TAMS 0x0000000711e00000| PB 0x0000000711e00000| Untracked 
|  53|0x0000000712000000, 0x0000000712000000, 0x0000000712200000|  0%| F|  |TAMS 0x0000000712000000| PB 0x0000000712000000| Untracked 
|  54|0x0000000712200000, 0x0000000712200000, 0x0000000712400000|  0%| F|  |TAMS 0x0000000712200000| PB 0x0000000712200000| Untracked 
|  55|0x0000000712400000, 0x0000000712400000, 0x0000000712600000|  0%| F|  |TAMS 0x0000000712400000| PB 0x0000000712400000| Untracked 
|  56|0x0000000712600000, 0x0000000712600000, 0x0000000712800000|  0%| F|  |TAMS 0x0000000712600000| PB 0x0000000712600000| Untracked 
|  57|0x0000000712800000, 0x0000000712800000, 0x0000000712a00000|  0%| F|  |TAMS 0x0000000712800000| PB 0x0000000712800000| Untracked 
|  58|0x0000000712a00000, 0x0000000712a00000, 0x0000000712c00000|  0%| F|  |TAMS 0x0000000712a00000| PB 0x0000000712a00000| Untracked 
|  59|0x0000000712c00000, 0x0000000712c00000, 0x0000000712e00000|  0%| F|  |TAMS 0x0000000712c00000| PB 0x0000000712c00000| Untracked 
|  60|0x0000000712e00000, 0x0000000712e00000, 0x0000000713000000|  0%| F|  |TAMS 0x0000000712e00000| PB 0x0000000712e00000| Untracked 
|  61|0x0000000713000000, 0x0000000713000000, 0x0000000713200000|  0%| F|  |TAMS 0x0000000713000000| PB 0x0000000713000000| Untracked 
|  62|0x0000000713200000, 0x0000000713200000, 0x0000000713400000|  0%| F|  |TAMS 0x0000000713200000| PB 0x0000000713200000| Untracked 
|  63|0x0000000713400000, 0x0000000713400000, 0x0000000713600000|  0%| F|  |TAMS 0x0000000713400000| PB 0x0000000713400000| Untracked 
|  64|0x0000000713600000, 0x0000000713600000, 0x0000000713800000|  0%| F|  |TAMS 0x0000000713600000| PB 0x0000000713600000| Untracked 
|  65|0x0000000713800000, 0x0000000713800000, 0x0000000713a00000|  0%| F|  |TAMS 0x0000000713800000| PB 0x0000000713800000| Untracked 
|  66|0x0000000713a00000, 0x0000000713a00000, 0x0000000713c00000|  0%| F|  |TAMS 0x0000000713a00000| PB 0x0000000713a00000| Untracked 
|  67|0x0000000713c00000, 0x0000000713c00000, 0x0000000713e00000|  0%| F|  |TAMS 0x0000000713c00000| PB 0x0000000713c00000| Untracked 
|  68|0x0000000713e00000, 0x0000000713e00000, 0x0000000714000000|  0%| F|  |TAMS 0x0000000713e00000| PB 0x0000000713e00000| Untracked 
|  69|0x0000000714000000, 0x0000000714000000, 0x0000000714200000|  0%| F|  |TAMS 0x0000000714000000| PB 0x0000000714000000| Untracked 
|  70|0x0000000714200000, 0x0000000714200000, 0x0000000714400000|  0%| F|  |TAMS 0x0000000714200000| PB 0x0000000714200000| Untracked 
|  71|0x0000000714400000, 0x0000000714400000, 0x0000000714600000|  0%| F|  |TAMS 0x0000000714400000| PB 0x0000000714400000| Untracked 
|  72|0x0000000714600000, 0x0000000714600000, 0x0000000714800000|  0%| F|  |TAMS 0x0000000714600000| PB 0x0000000714600000| Untracked 
|  73|0x0000000714800000, 0x0000000714800000, 0x0000000714a00000|  0%| F|  |TAMS 0x0000000714800000| PB 0x0000000714800000| Untracked 
|  74|0x0000000714a00000, 0x0000000714a00000, 0x0000000714c00000|  0%| F|  |TAMS 0x0000000714a00000| PB 0x0000000714a00000| Untracked 
|  75|0x0000000714c00000, 0x0000000714c00000, 0x0000000714e00000|  0%| F|  |TAMS 0x0000000714c00000| PB 0x0000000714c00000| Untracked 
|  76|0x0000000714e00000, 0x0000000714e00000, 0x0000000715000000|  0%| F|  |TAMS 0x0000000714e00000| PB 0x0000000714e00000| Untracked 
|  77|0x0000000715000000, 0x0000000715000000, 0x0000000715200000|  0%| F|  |TAMS 0x0000000715000000| PB 0x0000000715000000| Untracked 
|  78|0x0000000715200000, 0x0000000715200000, 0x0000000715400000|  0%| F|  |TAMS 0x0000000715200000| PB 0x0000000715200000| Untracked 
|  79|0x0000000715400000, 0x0000000715400000, 0x0000000715600000|  0%| F|  |TAMS 0x0000000715400000| PB 0x0000000715400000| Untracked 
|  80|0x0000000715600000, 0x0000000715600000, 0x0000000715800000|  0%| F|  |TAMS 0x0000000715600000| PB 0x0000000715600000| Untracked 
|  81|0x0000000715800000, 0x0000000715800000, 0x0000000715a00000|  0%| F|  |TAMS 0x0000000715800000| PB 0x0000000715800000| Untracked 
|  82|0x0000000715a00000, 0x0000000715a00000, 0x0000000715c00000|  0%| F|  |TAMS 0x0000000715a00000| PB 0x0000000715a00000| Untracked 
|  83|0x0000000715c00000, 0x0000000715c00000, 0x0000000715e00000|  0%| F|  |TAMS 0x0000000715c00000| PB 0x0000000715c00000| Untracked 
|  84|0x0000000715e00000, 0x0000000715e00000, 0x0000000716000000|  0%| F|  |TAMS 0x0000000715e00000| PB 0x0000000715e00000| Untracked 
|  85|0x0000000716000000, 0x0000000716000000, 0x0000000716200000|  0%| F|  |TAMS 0x0000000716000000| PB 0x0000000716000000| Untracked 
|  86|0x0000000716200000, 0x0000000716200000, 0x0000000716400000|  0%| F|  |TAMS 0x0000000716200000| PB 0x0000000716200000| Untracked 
|  87|0x0000000716400000, 0x0000000716400000, 0x0000000716600000|  0%| F|  |TAMS 0x0000000716400000| PB 0x0000000716400000| Untracked 
|  88|0x0000000716600000, 0x0000000716600000, 0x0000000716800000|  0%| F|  |TAMS 0x0000000716600000| PB 0x0000000716600000| Untracked 
|  89|0x0000000716800000, 0x0000000716800000, 0x0000000716a00000|  0%| F|  |TAMS 0x0000000716800000| PB 0x0000000716800000| Untracked 
|  90|0x0000000716a00000, 0x0000000716a00000, 0x0000000716c00000|  0%| F|  |TAMS 0x0000000716a00000| PB 0x0000000716a00000| Untracked 
|  91|0x0000000716c00000, 0x0000000716c00000, 0x0000000716e00000|  0%| F|  |TAMS 0x0000000716c00000| PB 0x0000000716c00000| Untracked 
|  92|0x0000000716e00000, 0x0000000716e00000, 0x0000000717000000|  0%| F|  |TAMS 0x0000000716e00000| PB 0x0000000716e00000| Untracked 
|  93|0x0000000717000000, 0x0000000717000000, 0x0000000717200000|  0%| F|  |TAMS 0x0000000717000000| PB 0x0000000717000000| Untracked 
|  94|0x0000000717200000, 0x0000000717200000, 0x0000000717400000|  0%| F|  |TAMS 0x0000000717200000| PB 0x0000000717200000| Untracked 
|  95|0x0000000717400000, 0x0000000717400000, 0x0000000717600000|  0%| F|  |TAMS 0x0000000717400000| PB 0x0000000717400000| Untracked 
|  96|0x0000000717600000, 0x0000000717600000, 0x0000000717800000|  0%| F|  |TAMS 0x0000000717600000| PB 0x0000000717600000| Untracked 
|  97|0x0000000717800000, 0x0000000717800000, 0x0000000717a00000|  0%| F|  |TAMS 0x0000000717800000| PB 0x0000000717800000| Untracked 
|  98|0x0000000717a00000, 0x0000000717a00000, 0x0000000717c00000|  0%| F|  |TAMS 0x0000000717a00000| PB 0x0000000717a00000| Untracked 
|  99|0x0000000717c00000, 0x0000000717c00000, 0x0000000717e00000|  0%| F|  |TAMS 0x0000000717c00000| PB 0x0000000717c00000| Untracked 
| 100|0x0000000717e00000, 0x0000000717e00000, 0x0000000718000000|  0%| F|  |TAMS 0x0000000717e00000| PB 0x0000000717e00000| Untracked 
| 101|0x0000000718000000, 0x0000000718000000, 0x0000000718200000|  0%| F|  |TAMS 0x0000000718000000| PB 0x0000000718000000| Untracked 
| 102|0x0000000718200000, 0x0000000718200000, 0x0000000718400000|  0%| F|  |TAMS 0x0000000718200000| PB 0x0000000718200000| Untracked 
| 103|0x0000000718400000, 0x0000000718400000, 0x0000000718600000|  0%| F|  |TAMS 0x0000000718400000| PB 0x0000000718400000| Untracked 
| 104|0x0000000718600000, 0x0000000718600000, 0x0000000718800000|  0%| F|  |TAMS 0x0000000718600000| PB 0x0000000718600000| Untracked 
| 105|0x0000000718800000, 0x0000000718800000, 0x0000000718a00000|  0%| F|  |TAMS 0x0000000718800000| PB 0x0000000718800000| Untracked 
| 106|0x0000000718a00000, 0x0000000718a00000, 0x0000000718c00000|  0%| F|  |TAMS 0x0000000718a00000| PB 0x0000000718a00000| Untracked 
| 107|0x0000000718c00000, 0x0000000718c00000, 0x0000000718e00000|  0%| F|  |TAMS 0x0000000718c00000| PB 0x0000000718c00000| Untracked 
| 108|0x0000000718e00000, 0x0000000718e00000, 0x0000000719000000|  0%| F|  |TAMS 0x0000000718e00000| PB 0x0000000718e00000| Untracked 
| 109|0x0000000719000000, 0x0000000719000000, 0x0000000719200000|  0%| F|  |TAMS 0x0000000719000000| PB 0x0000000719000000| Untracked 
| 110|0x0000000719200000, 0x00000007192a0000, 0x0000000719400000| 31%| S|CS|TAMS 0x0000000719200000| PB 0x0000000719200000| Complete 
| 111|0x0000000719400000, 0x0000000719600000, 0x0000000719600000|100%| S|CS|TAMS 0x0000000719400000| PB 0x0000000719400000| Complete 
| 112|0x0000000719600000, 0x0000000719600000, 0x0000000719800000|  0%| F|  |TAMS 0x0000000719600000| PB 0x0000000719600000| Untracked 
| 113|0x0000000719800000, 0x0000000719800000, 0x0000000719a00000|  0%| F|  |TAMS 0x0000000719800000| PB 0x0000000719800000| Untracked 
| 114|0x0000000719a00000, 0x0000000719a00000, 0x0000000719c00000|  0%| F|  |TAMS 0x0000000719a00000| PB 0x0000000719a00000| Untracked 
| 115|0x0000000719c00000, 0x0000000719c00000, 0x0000000719e00000|  0%| F|  |TAMS 0x0000000719c00000| PB 0x0000000719c00000| Untracked 
| 116|0x0000000719e00000, 0x0000000719e00000, 0x000000071a000000|  0%| F|  |TAMS 0x0000000719e00000| PB 0x0000000719e00000| Untracked 
| 117|0x000000071a000000, 0x000000071a000000, 0x000000071a200000|  0%| F|  |TAMS 0x000000071a000000| PB 0x000000071a000000| Untracked 
| 118|0x000000071a200000, 0x000000071a200000, 0x000000071a400000|  0%| F|  |TAMS 0x000000071a200000| PB 0x000000071a200000| Untracked 
| 119|0x000000071a400000, 0x000000071a50ac78, 0x000000071a600000| 52%| E|  |TAMS 0x000000071a400000| PB 0x000000071a400000| Complete 
| 120|0x000000071a600000, 0x000000071a800000, 0x000000071a800000|100%| E|CS|TAMS 0x000000071a600000| PB 0x000000071a600000| Complete 
| 121|0x000000071a800000, 0x000000071aa00000, 0x000000071aa00000|100%| E|CS|TAMS 0x000000071a800000| PB 0x000000071a800000| Complete 
| 122|0x000000071aa00000, 0x000000071ac00000, 0x000000071ac00000|100%| E|CS|TAMS 0x000000071aa00000| PB 0x000000071aa00000| Complete 

Card table byte_map: [0x0000014824ea0000,0x0000014825650000] _byte_map_base: 0x0000014821645000

Marking Bits: (CMBitMap*) 0x00000148120ae270
 Bits: [0x0000014825650000, 0x0000014829378000)

Polling page: 0x000001480fe70000

Metaspace:

Usage:
  Non-class:     10.91 MB used.
      Class:      1.20 MB used.
       Both:     12.11 MB used.

Virtual space:
  Non-class space:       64.00 MB reserved,      11.00 MB ( 17%) committed,  1 nodes.
      Class space:        1.00 GB reserved,       1.31 MB ( <1%) committed,  1 nodes.
             Both:        1.06 GB reserved,      12.31 MB (  1%) committed. 

Chunk freelists:
   Non-Class:  4.44 MB
       Class:  14.55 MB
        Both:  18.98 MB

MaxMetaspaceSize: unlimited
CompressedClassSpaceSize: 1.00 GB
Initial GC threshold: 21.00 MB
Current GC threshold: 21.00 MB
CDS: off
 - commit_granule_bytes: 65536.
 - commit_granule_words: 8192.
 - virtual_space_node_default_size: 8388608.
 - enlarge_chunks_in_place: 1.
 - use_allocation_guard: 0.


Internal statistics:

num_allocs_failed_limit: 0.
num_arena_births: 176.
num_arena_deaths: 0.
num_vsnodes_births: 2.
num_vsnodes_deaths: 0.
num_space_committed: 197.
num_space_uncommitted: 0.
num_chunks_returned_to_freelist: 0.
num_chunks_taken_from_freelist: 327.
num_chunk_merges: 0.
num_chunk_splits: 197.
num_chunks_enlarged: 108.
num_inconsistent_stats: 0.

CodeHeap 'non-profiled nmethods': size=120000Kb used=771Kb max_used=771Kb free=119228Kb
 bounds [0x000001481cc70000, 0x000001481cee0000, 0x00000148241a0000]
CodeHeap 'profiled nmethods': size=120000Kb used=2274Kb max_used=2274Kb free=117725Kb
 bounds [0x00000148151a0000, 0x0000014815410000, 0x000001481c6d0000]
CodeHeap 'non-nmethods': size=5760Kb used=1486Kb max_used=1517Kb free=4273Kb
 bounds [0x000001481c6d0000, 0x000001481c940000, 0x000001481cc70000]
CodeCache: size=245760Kb, used=4531Kb, max_used=4562Kb, free=241226Kb
 total_blobs=1848, nmethods=1377, adapters=376, full_count=0
Compilation: enabled, stopped_count=0, restarted_count=0

Compilation events (20 events):
Event: 4.877 Thread 0x000001482c2047d0 1332       3       jdk.internal.org.objectweb.asm.AnnotationWriter::computeAnnotationsSize (66 bytes)
Event: 4.878 Thread 0x000001482c2047d0 nmethod 1332 0x00000148153bab10 code [0x00000148153bad00, 0x00000148153bb000]
Event: 4.878 Thread 0x000001482c2047d0 1333       3       jdk.internal.org.objectweb.asm.Attribute::putAttributes (78 bytes)
Event: 4.879 Thread 0x000001482c2047d0 nmethod 1333 0x00000148153bb190 code [0x00000148153bb400, 0x00000148153bb928]
Event: 4.879 Thread 0x000001482c2047d0 1334       3       java.lang.Class::descriptorString (170 bytes)
Event: 4.880 Thread 0x000001482c2047d0 nmethod 1334 0x00000148153bbc10 code [0x00000148153bc080, 0x00000148153bd7f8]
Event: 4.880 Thread 0x000001482c2047d0 1335       3       sun.invoke.util.BytecodeDescriptor::unparse (24 bytes)
Event: 4.880 Thread 0x000001482c2047d0 nmethod 1335 0x00000148153be190 code [0x00000148153be360, 0x00000148153be560]
Event: 4.881 Thread 0x000001482c2047d0 1338       3       java.util.Properties$LineReader::readLine (584 bytes)
Event: 4.884 Thread 0x000001482c2047d0 nmethod 1338 0x00000148153be610 code [0x00000148153bea00, 0x00000148153c1320]
Event: 4.884 Thread 0x000001482c2047d0 1339       3       java.util.Properties::loadConvert (540 bytes)
Event: 4.884 Thread 0x000001482c1ff250 nmethod 1291 0x000001481cd18b10 code [0x000001481cd18f60, 0x000001481cd1b1d8]
Event: 4.884 Thread 0x000001482c1ff250 1336       4       java.lang.ref.Reference::refersTo (6 bytes)
Event: 4.886 Thread 0x000001482c2047d0 nmethod 1339 0x00000148153c2010 code [0x00000148153c2300, 0x00000148153c35a8]
Event: 4.886 Thread 0x000001482c2047d0 1341       3       org.springframework.util.StringUtils::hasLength (17 bytes)
Event: 4.886 Thread 0x000001482c2047d0 nmethod 1341 0x00000148153c3c10 code [0x00000148153c3dc0, 0x00000148153c3ff0]
Event: 4.886 Thread 0x000001482c2047d0 1340       3       java.util.ArrayList::<init> (12 bytes)
Event: 4.886 Thread 0x000001482c1ff250 nmethod 1336 0x000001481cd1c690 code [0x000001481cd1c820, 0x000001481cd1c900]
Event: 4.886 Thread 0x000001482c1ff250 1337       4       java.lang.ref.Reference::refersToImpl (6 bytes)
Event: 6.891 Thread 0x000001482c2047d0 nmethod 1340 0x00000148153c4110 code [0x00000148153c42c0, 0x00000148153c4560]

GC Heap History (2 events):
Event: 0.760 GC heap before
{Heap before GC invocations=0 (full 0):
 garbage-first heap   total 251904K, used 22528K [0x000000070b600000, 0x0000000800000000)
  region size 2048K, 11 young (22528K), 0 survivors (0K)
 Metaspace       used 11585K, committed 11840K, reserved 1114112K
  class space    used 1116K, committed 1216K, reserved 1048576K
}
Event: 0.765 GC heap after
{Heap after GC invocations=1 (full 0):
 garbage-first heap   total 251904K, used 2688K [0x000000070b600000, 0x0000000800000000)
  region size 2048K, 2 young (4096K), 2 survivors (4096K)
 Metaspace       used 11585K, committed 11840K, reserved 1114112K
  class space    used 1116K, committed 1216K, reserved 1048576K
}

Dll operation events (3 events):
Event: 0.028 Loaded shared library C:\Program Files\Android\Android Studio\jbr\bin\java.dll
Event: 0.053 Loaded shared library C:\Program Files\Android\Android Studio\jbr\bin\zip.dll
Event: 0.531 Loaded shared library C:\Program Files\Android\Android Studio\jbr\bin\verify.dll

Deoptimization events (20 events):
Event: 0.800 Thread 0x000001480fbd38d0 Uncommon trap: trap_request=0xffffffde fr.pc=0x000001481cd13444 relative=0x0000000000000124
Event: 0.800 Thread 0x000001480fbd38d0 Uncommon trap: reason=class_check action=maybe_recompile pc=0x000001481cd13444 method=jdk.internal.misc.Unsafe.allocateUninitializedArray(Ljava/lang/Class;I)Ljava/lang/Object; @ 51 c2
Event: 0.800 Thread 0x000001480fbd38d0 DEOPT PACKING pc=0x000001481cd13444 sp=0x0000003c70ff9cb0
Event: 0.800 Thread 0x000001480fbd38d0 DEOPT UNPACKING pc=0x000001481c727da2 sp=0x0000003c70ff9c28 mode 2
Event: 0.800 Thread 0x000001480fbd38d0 Uncommon trap: trap_request=0xffffffde fr.pc=0x000001481cd13444 relative=0x0000000000000124
Event: 0.800 Thread 0x000001480fbd38d0 Uncommon trap: reason=class_check action=maybe_recompile pc=0x000001481cd13444 method=jdk.internal.misc.Unsafe.allocateUninitializedArray(Ljava/lang/Class;I)Ljava/lang/Object; @ 51 c2
Event: 0.800 Thread 0x000001480fbd38d0 DEOPT PACKING pc=0x000001481cd13444 sp=0x0000003c70ff9c40
Event: 0.800 Thread 0x000001480fbd38d0 DEOPT UNPACKING pc=0x000001481c727da2 sp=0x0000003c70ff9bb8 mode 2
Event: 0.800 Thread 0x000001480fbd38d0 Uncommon trap: trap_request=0xffffffde fr.pc=0x000001481cd13444 relative=0x0000000000000124
Event: 0.800 Thread 0x000001480fbd38d0 Uncommon trap: reason=class_check action=maybe_recompile pc=0x000001481cd13444 method=jdk.internal.misc.Unsafe.allocateUninitializedArray(Ljava/lang/Class;I)Ljava/lang/Object; @ 51 c2
Event: 0.800 Thread 0x000001480fbd38d0 DEOPT PACKING pc=0x000001481cd13444 sp=0x0000003c70ff97d0
Event: 0.800 Thread 0x000001480fbd38d0 DEOPT UNPACKING pc=0x000001481c727da2 sp=0x0000003c70ff9748 mode 2
Event: 0.800 Thread 0x000001480fbd38d0 Uncommon trap: trap_request=0xffffffde fr.pc=0x000001481cd13444 relative=0x0000000000000124
Event: 0.800 Thread 0x000001480fbd38d0 Uncommon trap: reason=class_check action=maybe_recompile pc=0x000001481cd13444 method=jdk.internal.misc.Unsafe.allocateUninitializedArray(Ljava/lang/Class;I)Ljava/lang/Object; @ 51 c2
Event: 0.800 Thread 0x000001480fbd38d0 DEOPT PACKING pc=0x000001481cd13444 sp=0x0000003c70ff97d0
Event: 0.800 Thread 0x000001480fbd38d0 DEOPT UNPACKING pc=0x000001481c727da2 sp=0x0000003c70ff9748 mode 2
Event: 0.808 Thread 0x000001480fbd38d0 Uncommon trap: trap_request=0xffffff45 fr.pc=0x000001481ccd6e98 relative=0x00000000000000f8
Event: 0.808 Thread 0x000001480fbd38d0 Uncommon trap: reason=unstable_if action=reinterpret pc=0x000001481ccd6e98 method=java.lang.ref.SoftReference.get()Ljava/lang/Object; @ 17 c2
Event: 0.808 Thread 0x000001480fbd38d0 DEOPT PACKING pc=0x000001481ccd6e98 sp=0x0000003c70ffdef0
Event: 0.808 Thread 0x000001480fbd38d0 DEOPT UNPACKING pc=0x000001481c727da2 sp=0x0000003c70ffdea8 mode 2

Classes loaded (20 events):
Event: 0.806 Loading class java/util/IdentityHashMap$EntryIterator$Entry
Event: 0.806 Loading class java/util/IdentityHashMap$EntryIterator$Entry done
Event: 0.806 Loading class java/util/IdentityHashMap$Values
Event: 0.806 Loading class java/util/IdentityHashMap$Values done
Event: 0.806 Loading class java/util/IdentityHashMap$ValueIterator
Event: 0.806 Loading class java/util/IdentityHashMap$ValueIterator done
Event: 0.829 Loading class java/net/URISyntaxException
Event: 0.829 Loading class java/net/URISyntaxException done
Event: 0.829 Loading class java/nio/file/NoSuchFileException
Event: 0.829 Loading class java/nio/file/FileSystemException
Event: 0.829 Loading class java/nio/file/FileSystemException done
Event: 0.829 Loading class java/nio/file/NoSuchFileException done
Event: 4.874 Loading class java/net/URLDecoder
Event: 4.874 Loading class java/net/URLDecoder done
Event: 4.879 Loading class java/util/stream/ForEachOps
Event: 4.879 Loading class java/util/stream/ForEachOps done
Event: 4.879 Loading class java/util/stream/ForEachOps$ForEachOp$OfRef
Event: 4.879 Loading class java/util/stream/ForEachOps$ForEachOp
Event: 4.880 Loading class java/util/stream/ForEachOps$ForEachOp done
Event: 4.880 Loading class java/util/stream/ForEachOps$ForEachOp$OfRef done

Classes unloaded (0 events):
No events

Classes redefined (0 events):
No events

Internal exceptions (11 events):
Event: 0.279 Thread 0x000001480fbd38d0 Exception <a 'java/lang/ClassNotFoundException'{0x000000071a91dbe8}: org/springframework/boot/loader/net/protocol/nested/Handler> (0x000000071a91dbe8) 
thrown [s\src\hotspot\share\classfile\systemDictionary.cpp, line 312]
Event: 0.317 Thread 0x000001480fbd38d0 Exception <a 'java/lang/NoSuchMethodError'{0x000000071a9b2980}: 'void java.lang.invoke.DirectMethodHandle$Holder.invokeSpecial(java.lang.Object, java.lang.Object, java.lang.Object)'> (0x000000071a9b2980) 
thrown [s\src\hotspot\share\interpreter\linkResolver.cpp, line 784]
Event: 0.358 Thread 0x000001480fbd38d0 Exception <a 'java/lang/NoSuchMethodError'{0x000000071a6d9508}: 'int java.lang.invoke.DirectMethodHandle$Holder.invokeSpecial(java.lang.Object, java.lang.Object, java.lang.Object, java.lang.Object)'> (0x000000071a6d9508) 
thrown [s\src\hotspot\share\interpreter\linkResolver.cpp, line 784]
Event: 0.360 Thread 0x000001480fbd38d0 Exception <a 'java/lang/NoSuchMethodError'{0x000000071a6f1a28}: 'java.lang.Object java.lang.invoke.DelegatingMethodHandle$Holder.delegate(java.lang.Object, int, java.lang.Object, java.lang.Object)'> (0x000000071a6f1a28) 
thrown [s\src\hotspot\share\interpreter\linkResolver.cpp, line 784]
Event: 0.362 Thread 0x000001480fbd38d0 Exception <a 'java/lang/NoSuchMethodError'{0x000000071a701088}: 'int java.lang.invoke.Invokers$Holder.linkToTargetMethod(java.lang.Object, java.lang.Object, java.lang.Object)'> (0x000000071a701088) 
thrown [s\src\hotspot\share\interpreter\linkResolver.cpp, line 784]
Event: 0.366 Thread 0x000001480fbd38d0 Exception <a 'java/lang/NoSuchMethodError'{0x000000071a724f10}: 'void java.lang.invoke.DirectMethodHandle$Holder.invokeSpecial(java.lang.Object, java.lang.Object, java.lang.Object, java.lang.Object, java.lang.Object)'> (0x000000071a724f10) 
thrown [s\src\hotspot\share\interpreter\linkResolver.cpp, line 784]
Event: 0.605 Thread 0x000001480fbd38d0 Exception <a 'java/lang/ClassNotFoundException'{0x0000000719946338}: javax/smartcardio/CardPermission> (0x0000000719946338) 
thrown [s\src\hotspot\share\classfile\systemDictionary.cpp, line 312]
Event: 0.609 Thread 0x000001480fbd38d0 Exception <a 'java/io/FileNotFoundException'{0x0000000719955438}> (0x0000000719955438) 
thrown [s\src\hotspot\share\prims\jni.cpp, line 537]
Event: 0.624 Thread 0x000001480fbd38d0 Exception <a 'java/lang/NoSuchMethodError'{0x00000007196271c0}: 'java.lang.Object java.lang.invoke.DirectMethodHandle$Holder.invokeSpecial(java.lang.Object, java.lang.Object, java.lang.Object, long, java.lang.Object)'> (0x00000007196271c0) 
thrown [s\src\hotspot\share\interpreter\linkResolver.cpp, line 784]
Event: 0.624 Thread 0x000001480fbd38d0 Exception <a 'java/lang/NoSuchMethodError'{0x000000071962ab30}: 'java.lang.Object java.lang.invoke.Invokers$Holder.linkToTargetMethod(java.lang.Object, long, java.lang.Object, java.lang.Object)'> (0x000000071962ab30) 
thrown [s\src\hotspot\share\interpreter\linkResolver.cpp, line 784]
Event: 0.815 Thread 0x000001480fbd38d0 Exception <a 'java/lang/NoSuchMethodError'{0x000000071a94f738}: 'void java.lang.invoke.DirectMethodHandle$Holder.invokeStatic(java.lang.Object, java.lang.Object, java.lang.Object, java.lang.Object)'> (0x000000071a94f738) 
thrown [s\src\hotspot\share\interpreter\linkResolver.cpp, line 784]

ZGC Phase Switch (0 events):
No events

VM Operations (13 events):
Event: 0.198 Executing VM operation: HandshakeAllThreads (Deoptimize)
Event: 0.198 Executing VM operation: HandshakeAllThreads (Deoptimize) done
Event: 0.534 Executing VM operation: HandshakeAllThreads (Deoptimize)
Event: 0.534 Executing VM operation: HandshakeAllThreads (Deoptimize) done
Event: 0.556 Executing VM operation: ICBufferFull
Event: 0.556 Executing VM operation: ICBufferFull done
Event: 0.561 Executing VM operation: HandshakeAllThreads (Deoptimize)
Event: 0.561 Executing VM operation: HandshakeAllThreads (Deoptimize) done
Event: 0.760 Executing VM operation: G1CollectForAllocation (G1 Evacuation Pause)
Event: 0.765 Executing VM operation: G1CollectForAllocation (G1 Evacuation Pause) done
Event: 1.778 Executing VM operation: Cleanup
Event: 1.778 Executing VM operation: Cleanup done
Event: 5.820 Executing VM operation: Cleanup

Memory protections (0 events):
No events

Nmethod flushes (0 events):
No events

Events (18 events):
Event: 0.047 Thread 0x000001480fbd38d0 Thread added: 0x000001480fbd38d0
Event: 0.128 Thread 0x000001480fbd38d0 Thread added: 0x000001482c1be4f0
Event: 0.134 Thread 0x000001480fbd38d0 Thread added: 0x000001482c1c0390
Event: 0.135 Thread 0x000001480fbd38d0 Thread added: 0x000001482c1c0df0
Event: 0.136 Thread 0x000001480fbd38d0 Thread added: 0x000001482c1dca80
Event: 0.136 Thread 0x000001480fbd38d0 Thread added: 0x000001482c1e6f40
Event: 0.136 Thread 0x000001480fbd38d0 Thread added: 0x000001482c1f1740
Event: 0.136 Thread 0x000001480fbd38d0 Thread added: 0x000001482c1f1db0
Event: 0.136 Thread 0x000001480fbd38d0 Thread added: 0x000001482c1ff250
Event: 0.136 Thread 0x000001480fbd38d0 Thread added: 0x000001482c2047d0
Event: 0.168 Thread 0x000001480fbd38d0 Thread added: 0x000001482c3977a0
Event: 0.182 Loaded shared library C:\Program Files\Android\Android Studio\jbr\bin\net.dll
Event: 0.185 Loaded shared library C:\Program Files\Android\Android Studio\jbr\bin\nio.dll
Event: 0.195 Loaded shared library C:\Program Files\Android\Android Studio\jbr\bin\zip.dll
Event: 0.276 Loaded shared library C:\Program Files\Android\Android Studio\jbr\bin\jimage.dll
Event: 0.315 Thread 0x000001480fbd38d0 Thread added: 0x000001482c50d7c0
Event: 0.398 Thread 0x000001482c2047d0 Thread added: 0x000001482c419f80
Event: 0.398 Thread 0x000001482c2047d0 Thread added: 0x000001482c417d70


Dynamic libraries:
0x00007ff6bff60000 - 0x00007ff6bff6a000 	C:\Program Files\Android\Android Studio\jbr\bin\java.exe
0x00007ffa4a6a0000 - 0x00007ffa4a907000 	C:\WINDOWS\SYSTEM32\ntdll.dll
0x00007ffa49ec0000 - 0x00007ffa49f89000 	C:\WINDOWS\System32\KERNEL32.DLL
0x00007ffa47f80000 - 0x00007ffa48374000 	C:\WINDOWS\System32\KERNELBASE.dll
0x00007ffa47e30000 - 0x00007ffa47f7b000 	C:\WINDOWS\System32\ucrtbase.dll
0x00007ffa44480000 - 0x00007ffa4449b000 	C:\Program Files\Android\Android Studio\jbr\bin\VCRUNTIME140.dll
0x00007ffa3a7b0000 - 0x00007ffa3a7c8000 	C:\Program Files\Android\Android Studio\jbr\bin\jli.dll
0x00007ffa49cb0000 - 0x00007ffa49e75000 	C:\WINDOWS\System32\USER32.dll
0x00007ffa47000000 - 0x00007ffa47027000 	C:\WINDOWS\System32\win32u.dll
0x00007ffa25310000 - 0x00007ffa255a3000 	C:\WINDOWS\WinSxS\amd64_microsoft.windows.common-controls_6595b64144ccf1df_6.0.26100.8115_none_3e075c82e3354f9c\COMCTL32.dll
0x00007ffa4a5a0000 - 0x00007ffa4a5cb000 	C:\WINDOWS\System32\GDI32.dll
0x00007ffa4a000000 - 0x00007ffa4a0a9000 	C:\WINDOWS\System32\msvcrt.dll
0x00007ffa47310000 - 0x00007ffa4743a000 	C:\WINDOWS\System32\gdi32full.dll
0x00007ffa48380000 - 0x00007ffa48423000 	C:\WINDOWS\System32\msvcp_win.dll
0x00007ffa49620000 - 0x00007ffa49652000 	C:\WINDOWS\System32\IMM32.DLL
0x00007ffa444d0000 - 0x00007ffa444dc000 	C:\Program Files\Android\Android Studio\jbr\bin\vcruntime140_1.dll
0x00007ffa2c970000 - 0x00007ffa2c9fd000 	C:\Program Files\Android\Android Studio\jbr\bin\msvcp140.dll
0x00007ff9c9cb0000 - 0x00007ff9ca946000 	C:\Program Files\Android\Android Studio\jbr\bin\server\jvm.dll
0x00007ffa4a170000 - 0x00007ffa4a226000 	C:\WINDOWS\System32\ADVAPI32.dll
0x00007ffa4a0c0000 - 0x00007ffa4a167000 	C:\WINDOWS\System32\sechost.dll
0x00007ffa49b90000 - 0x00007ffa49ca8000 	C:\WINDOWS\System32\RPCRT4.dll
0x00007ffa4a5d0000 - 0x00007ffa4a650000 	C:\WINDOWS\System32\WS2_32.dll
0x00007ffa45b30000 - 0x00007ffa45b8e000 	C:\WINDOWS\SYSTEM32\POWRPROF.dll
0x00007ffa40ad0000 - 0x00007ffa40adb000 	C:\WINDOWS\SYSTEM32\VERSION.dll
0x00007ffa3aa00000 - 0x00007ffa3aa36000 	C:\WINDOWS\SYSTEM32\WINMM.dll
0x00007ffa45b10000 - 0x00007ffa45b24000 	C:\WINDOWS\SYSTEM32\UMPDC.dll
0x00007ffa45de0000 - 0x00007ffa45dfb000 	C:\WINDOWS\SYSTEM32\kernel.appcore.dll
0x00007ffa44440000 - 0x00007ffa4444a000 	C:\Program Files\Android\Android Studio\jbr\bin\jimage.dll
0x00007ffa39470000 - 0x00007ffa396b2000 	C:\WINDOWS\SYSTEM32\DBGHELP.DLL
0x00007ffa48ba0000 - 0x00007ffa48f22000 	C:\WINDOWS\System32\combase.dll
0x00007ffa4a230000 - 0x00007ffa4a307000 	C:\WINDOWS\System32\OLEAUT32.dll
0x00007ffa249a0000 - 0x00007ffa249db000 	C:\WINDOWS\SYSTEM32\dbgcore.DLL
0x00007ffa471a0000 - 0x00007ffa47245000 	C:\WINDOWS\System32\bcryptPrimitives.dll
0x00007ffa3a790000 - 0x00007ffa3a7b0000 	C:\Program Files\Android\Android Studio\jbr\bin\java.dll
0x00007ffa3a4e0000 - 0x00007ffa3a4f8000 	C:\Program Files\Android\Android Studio\jbr\bin\zip.dll
0x00007ffa48430000 - 0x00007ffa48b96000 	C:\WINDOWS\System32\SHELL32.dll
0x00007ffa47030000 - 0x00007ffa4719a000 	C:\WINDOWS\System32\wintypes.dll
0x00007ffa47440000 - 0x00007ffa47ca5000 	C:\WINDOWS\System32\windows.storage.dll
0x00007ffa4a490000 - 0x00007ffa4a587000 	C:\WINDOWS\System32\SHCORE.dll
0x00007ffa49f90000 - 0x00007ffa49ff6000 	C:\WINDOWS\System32\shlwapi.dll
0x00007ffa46e90000 - 0x00007ffa46eb9000 	C:\WINDOWS\SYSTEM32\profapi.dll
0x00007ffa3ac40000 - 0x00007ffa3ac50000 	C:\Program Files\Android\Android Studio\jbr\bin\net.dll
0x00007ffa41d80000 - 0x00007ffa41ead000 	C:\WINDOWS\SYSTEM32\WINHTTP.dll
0x00007ffa46330000 - 0x00007ffa4639c000 	C:\WINDOWS\system32\mswsock.dll
0x00007ffa386d0000 - 0x00007ffa386e6000 	C:\Program Files\Android\Android Studio\jbr\bin\nio.dll
0x00007ffa3aa40000 - 0x00007ffa3aa50000 	C:\Program Files\Android\Android Studio\jbr\bin\verify.dll

JVMTI agents: none

dbghelp: loaded successfully - version: 4.0.5 - missing functions: none
symbol engine: initialized successfully - sym options: 0x614 - pdb path: .;C:\Program Files\Android\Android Studio\jbr\bin;C:\WINDOWS\SYSTEM32;C:\WINDOWS\WinSxS\amd64_microsoft.windows.common-controls_6595b64144ccf1df_6.0.26100.8115_none_3e075c82e3354f9c;C:\Program Files\Android\Android Studio\jbr\bin\server

VM Arguments:
java_command: c:\Users\diamondra.rasolofoja\.vscode\extensions\salesforce.salesforce-vscode-slds-2.0.12\lsp-2.0.12-executable.jar --PORT=58242
java_class_path (initial): c:\Users\diamondra.rasolofoja\.vscode\extensions\salesforce.salesforce-vscode-slds-2.0.12\lsp-2.0.12-executable.jar
Launcher Type: SUN_STANDARD

[Global flags]
     intx CICompilerCount                          = 4                                         {product} {ergonomic}
     uint ConcGCThreads                            = 3                                         {product} {ergonomic}
     uint G1ConcRefinementThreads                  = 10                                        {product} {ergonomic}
   size_t G1HeapRegionSize                         = 2097152                                   {product} {ergonomic}
    uintx GCDrainStackTargetSize                   = 64                                        {product} {ergonomic}
   size_t InitialHeapSize                          = 257949696                                 {product} {ergonomic}
   size_t MarkStackSize                            = 4194304                                   {product} {ergonomic}
   size_t MaxHeapSize                              = 4104126464                                {product} {ergonomic}
   size_t MaxNewSize                               = 2462056448                                {product} {ergonomic}
   size_t MinHeapDeltaBytes                        = 2097152                                   {product} {ergonomic}
   size_t MinHeapSize                              = 8388608                                   {product} {ergonomic}
    uintx NonNMethodCodeHeapSize                   = 5839372                                {pd product} {ergonomic}
    uintx NonProfiledCodeHeapSize                  = 122909434                              {pd product} {ergonomic}
    uintx ProfiledCodeHeapSize                     = 122909434                              {pd product} {ergonomic}
    uintx ReservedCodeCacheSize                    = 251658240                              {pd product} {ergonomic}
     bool SegmentedCodeCache                       = true                                      {product} {ergonomic}
   size_t SoftMaxHeapSize                          = 4104126464                             {manageable} {ergonomic}
     bool UseCompressedOops                        = true                           {product lp64_product} {ergonomic}
     bool UseG1GC                                  = true                                      {product} {ergonomic}
     bool UseLargePagesIndividualAllocation        = false                                  {pd product} {ergonomic}

Logging:
Log output configuration:
 #0: stdout all=warning uptime,level,tags foldmultilines=false
 #1: stderr all=off uptime,level,tags foldmultilines=false

Environment Variables:
JAVA_HOME=C:\Program Files\Android\Android Studio\jbr
PATH=C:\Users\diamondra.rasolofoja\AppData\Local\Programs\Microsoft VS Code;C:\WINDOWS\system32;C:\WINDOWS;C:\WINDOWS\System32\Wbem;C:\WINDOWS\System32\WindowsPowerShell\v1.0\;C:\WINDOWS\System32\OpenSSH\;C:\Program Files (x86)\NVIDIA Corporation\PhysX\Common;C:\Program Files (x86)\CheckPoint\Endpoint Security\Endpoint Common\bin;C:\Program Files\Git\cmd;C:\Program Files\sf\bin;C:\Program Files\MySQL\MySQL Server 8.0\bin;C:\Users\diamondra.rasolofoja\apache-maven-3.9.9\bin;C:\Program Files\NVIDIA Corporation\NVIDIA app\NvDLISR;C:\Users\diamondra.rasolofoja\nvm;C:\nvm4w\nodejs;D:\openJDK-17;C:\Program Files\PostgreSQL\17\bin;C:\Users\diamondra.rasolofoja\AppData\Roaming\npm;C:\Program Files\Docker\Docker\resources\bin;C:\platform-tools;D:\openJDK-17\bin;C:\Users\diamondra.rasolofoja\AppData\Local\Programs\Python\Python313\Scripts\;C:\Users\diamondra.rasolofoja\AppData\Local\Programs\Python\Python313\;C:\Users\diamondra.rasolofoja\AppData\Local\Programs\Python\Launcher\;C:\Users\diamondra.rasolofoja\AppData\Local\Microsoft\WindowsApps;C:\Users\diamondra.rasolofoja\AppData\Local\Python\bin;C:\Users\diamondra.rasolofoja\flutter\flutter\bin;C:\Users\diamondra.rasolofoja\AppData\Local\Programs\Microsoft VS Code\bin
USERNAME=diamondra.rasolofoja
OS=Windows_NT
PROCESSOR_IDENTIFIER=AMD64 Family 25 Model 116 Stepping 1, AuthenticAMD
TMP=C:\Users\DIAMON~1.RAS\AppData\Local\Temp
TEMP=C:\Users\DIAMON~1.RAS\AppData\Local\Temp




Periodic native trim disabled

JNI global refs:
JNI global refs: 10, weak refs: 0

JNI global refs memory usage: 835, weak refs: 833

Process memory usage:
Resident Set Size: 98892K (0% of 16030588K total physical memory with 5910120K free physical memory)

OOME stack traces (most recent first):
Classloader memory used:
Loader bootstrap                                                                       : 10412K
Loader org.springframework.boot.loader.launch.LaunchedClassLoader                      : 1519K
Loader jdk.internal.loader.ClassLoaders$AppClassLoader                                 : 551K

---------------  S Y S T E M  ---------------

OS:
 Windows 11 , 64 bit Build 26100 (10.0.26100.8115)
OS uptime: 0 days 4:06 hours
Hyper-V role detected

CPU: total 12 (initial active 12) (12 cores per cpu, 2 threads per core) family 25 model 116 stepping 1 microcode 0xa704109, cx8, cmov, fxsr, ht, mmx, 3dnowpref, sse, sse2, sse3, ssse3, sse4a, sse4.1, sse4.2, popcnt, lzcnt, tsc, tscinvbit, avx, avx2, aes, erms, clmul, bmi1, bmi2, adx, avx512f, avx512dq, avx512cd, avx512bw, avx512vl, sha, fma, vzeroupper, avx512_vpopcntdq, avx512_vpclmulqdq, avx512_vaes, avx512_vnni, clflush, clflushopt, avx512_vbmi2, avx512_vbmi, hv, rdtscp, rdpid, fsrm, gfni, avx512_bitalg, f16c, cet_ss, avx512_ifma
Processor Information for processor 0
  Max Mhz: 4301, Current Mhz: 2483, Mhz Limit: 4301
Processor Information for processor 1
  Max Mhz: 4301, Current Mhz: 2483, Mhz Limit: 4301
Processor Information for processor 2
  Max Mhz: 4301, Current Mhz: 2483, Mhz Limit: 4301
Processor Information for processor 3
  Max Mhz: 4301, Current Mhz: 2483, Mhz Limit: 4301
Processor Information for processor 4
  Max Mhz: 4301, Current Mhz: 3993, Mhz Limit: 4301
Processor Information for processor 5
  Max Mhz: 4301, Current Mhz: 2483, Mhz Limit: 4301
Processor Information for processor 6
  Max Mhz: 4301, Current Mhz: 2483, Mhz Limit: 4301
Processor Information for processor 7
  Max Mhz: 4301, Current Mhz: 2483, Mhz Limit: 4301
Processor Information for processor 8
  Max Mhz: 4301, Current Mhz: 2483, Mhz Limit: 4301
Processor Information for processor 9
  Max Mhz: 4301, Current Mhz: 2483, Mhz Limit: 4301
Processor Information for processor 10
  Max Mhz: 4301, Current Mhz: 2483, Mhz Limit: 4301
Processor Information for processor 11
  Max Mhz: 4301, Current Mhz: 2483, Mhz Limit: 4301

Memory: 4k page, system-wide physical 15654M (5770M free)
TotalPageFile size 17702M (AvailPageFile size 522M)
current process WorkingSet (physical memory assigned to process): 96M, peak: 98M
current process commit charge ("private bytes"): 361M, peak: 363M

vm_info: OpenJDK 64-Bit Server VM (21.0.8+-14196175-b1038.72) for windows-amd64 JRE (21.0.8+-14196175-b1038.72), built on 2025-10-01T10:24:33Z by "builder" with MS VC++ 16.10 / 16.11 (VS2019)

END.
